<?xml version="1.0" encoding="UTF-8"?>
<testng-results ignored="0" total="1" passed="1" failed="0" skipped="0">
  <reporter-output>
  </reporter-output>
  <suite started-at="2023-12-28T13:04:19 IST" name="Default suite" finished-at="2023-12-28T13:04:23 IST" duration-ms="4760">
    <groups>
    </groups>
    <test started-at="2023-12-28T13:04:19 IST" name="Default test" finished-at="2023-12-28T13:04:23 IST" duration-ms="4760">
      <class name="com.api.tests.GetDataFromFileTest">
        <test-method is-config="true" signature="setUp()[pri:0, instance:com.api.tests.GetDataFromFileTest@4567f35d]" started-at="2023-12-28T13:04:19 IST" name="setUp" finished-at="2023-12-28T13:04:23 IST" duration-ms="3929" status="PASS">
          <reporter-output>
          </reporter-output>
        </test-method> <!-- setUp -->
        <test-method signature="PostCallFileTest()[pri:0, instance:com.api.tests.GetDataFromFileTest@4567f35d]" started-at="2023-12-28T13:04:23 IST" name="PostCallFileTest" finished-at="2023-12-28T13:04:23 IST" duration-ms="764" status="PASS">
          <reporter-output>
          </reporter-output>
        </test-method> <!-- PostCallFileTest -->
        <test-method is-config="true" signature="tearDown()[pri:0, instance:com.api.tests.GetDataFromFileTest@4567f35d]" started-at="2023-12-28T13:04:23 IST" name="tearDown" finished-at="2023-12-28T13:04:23 IST" duration-ms="22" status="PASS">
          <reporter-output>
          </reporter-output>
        </test-method> <!-- tearDown -->
      </class> <!-- com.api.tests.GetDataFromFileTest -->
    </test> <!-- Default test -->
  </suite> <!-- Default suite -->
</testng-results>
